<?xml version="1.0" encoding="UTF-8"?>
<!-- Generated by org.testng.reporters.JUnitReportReporter -->
<testsuite hostname="Barun-Vaio" failures="0" tests="3" name="test.day4" time="0.068" errors="0" timestamp="2023-01-18T12:54:11 IST" skipped="0">
  <testcase classname="test.day4" name="webLoginHomeLoan" time="0.033"/>
  <system-out/>
  <testcase classname="test.day4" name="LoginApiHomeLoan" time="0.013"/>
  <system-out/>
  <testcase classname="test.day4" name="MobileLoginHomeLoan" time="0.022"/>
  <system-out/>
</testsuite> <!-- test.day4 -->
