<?xml version="1.0" encoding="UTF-8"?>
<!-- Generated by org.testng.reporters.JUnitReportReporter -->
<testsuite hostname="Barun-Vaio" failures="0" tests="1" name="test.day2" time="0.006" errors="0" timestamp="2023-01-18T12:54:11 IST" skipped="0">
  <testcase classname="test.day2" name="Ploan" time="0.006"/>
  <system-out/>
</testsuite> <!-- test.day2 -->
