<?xml version="1.0" encoding="UTF-8"?>
<!-- Generated by org.testng.reporters.JUnitReportReporter -->
<testsuite hostname="Barun-Vaio" failures="0" tests="6" name="test.day3" time="0.094" errors="0" timestamp="2023-01-18T12:54:11 IST" skipped="1">
  <testcase classname="test.day3" name="MobileSignOutCarLoan" time="0.007"/>
  <system-out/>
  <testcase classname="test.day3" name="webLoginCarLoan" time="0.017"/>
  <system-out/>
  <testcase classname="test.day3" name="MobileSignOutCarLoan" time="0.017"/>
  <system-out/>
  <testcase classname="test.day3" name="MobileLoginCarLoan" time="0.025"/>
  <system-out/>
  <testcase classname="test.day3" name="MobileSignOutCarLoan" time="0.028"/>
  <system-out/>
  <testcase classname="test.day3" name="MobilSignInCarLoan">
    <skipped/>
  </testcase> <!-- MobilSignInCarLoan -->
  <system-out/>
</testsuite> <!-- test.day3 -->
